{"/Users/umasuo_m3pro/Desktop/startup/AI Engineering/harnesswork/apps/app/src/app/components/cockpit/doc-tree-panel.tsx": {"path":"/Users/umasuo_m3pro/Desktop/startup/AI Engineering/harnesswork/apps/app/src/app/components/cockpit/doc-tree-panel.tsx","statementMap":{"0":{"start":{"line":46,"column":24},"end":{"line":144,"column":1}},"1":{"start":{"line":46,"column":63},"end":{"line":46,"column":null}},"2":{"start":{"line":47,"column":13},"end":{"line":51,"column":null}},"3":{"start":{"line":48,"column":16},"end":{"line":48,"column":null}},"4":{"start":{"line":49,"column":4},"end":{"line":49,"column":null}},"5":{"start":{"line":49,"column":17},"end":{"line":49,"column":null}},"6":{"start":{"line":50,"column":4},"end":{"line":50,"column":null}},"7":{"start":{"line":53,"column":42},"end":{"line":55,"column":null}},"8":{"start":{"line":57,"column":22},"end":{"line":67,"column":null}},"9":{"start":{"line":58,"column":4},"end":{"line":66,"column":null}},"10":{"start":{"line":59,"column":19},"end":{"line":59,"column":null}},"11":{"start":{"line":60,"column":6},"end":{"line":64,"column":null}},"12":{"start":{"line":61,"column":8},"end":{"line":61,"column":null}},"13":{"start":{"line":63,"column":8},"end":{"line":63,"column":null}},"14":{"start":{"line":65,"column":6},"end":{"line":65,"column":null}},"15":{"start":{"line":69,"column":2},"end":{"line":137,"column":null}},"16":{"start":{"line":69,"column":2},"end":{"line":69,"column":null}},"17":{"start":{"line":69,"column":2},"end":{"line":75,"column":null}},"18":{"start":{"line":72,"column":16},"end":{"line":72,"column":30}},"19":{"start":{"line":72,"column":30},"end":{"line":72,"column":null}},"20":{"start":{"line":72,"column":30},"end":{"line":75,"column":null}},"21":{"start":{"line":75,"column":13},"end":{"line":75,"column":72}},"22":{"start":{"line":75,"column":72},"end":{"line":75,"column":null}},"23":{"start":{"line":75,"column":72},"end":{"line":81,"column":null}},"24":{"start":{"line":81,"column":16},"end":{"line":81,"column":28}},"25":{"start":{"line":81,"column":28},"end":{"line":81,"column":null}},"26":{"start":{"line":81,"column":28},"end":{"line":137,"column":null}},"27":{"start":{"line":88,"column":16},"end":{"line":88,"column":70}},"28":{"start":{"line":88,"column":18},"end":{"line":88,"column":46}},"29":{"start":{"line":88,"column":70},"end":{"line":137,"column":null}},"30":{"start":{"line":90,"column":14},"end":{"line":90,"column":41}},"31":{"start":{"line":91,"column":18},"end":{"line":91,"column":null}},"32":{"start":{"line":91,"column":18},"end":{"line":137,"column":null}},"33":{"start":{"line":101,"column":21},"end":{"line":101,"column":43}},"34":{"start":{"line":102,"column":30},"end":{"line":133,"column":null}},"35":{"start":{"line":102,"column":31},"end":{"line":102,"column":null}},"36":{"start":{"line":102,"column":31},"end":{"line":107,"column":52}},"37":{"start":{"line":107,"column":35},"end":{"line":107,"column":52}},"38":{"start":{"line":107,"column":52},"end":{"line":108,"column":null}},"39":{"start":{"line":108,"column":52},"end":{"line":111,"column":null}},"40":{"start":{"line":111,"column":23},"end":{"line":111,"column":61}},"41":{"start":{"line":111,"column":61},"end":{"line":113,"column":null}},"42":{"start":{"line":113,"column":27},"end":{"line":113,"column":65}},"43":{"start":{"line":113,"column":65},"end":{"line":114,"column":null}},"44":{"start":{"line":114,"column":57},"end":{"line":114,"column":71}},"45":{"start":{"line":114,"column":71},"end":{"line":133,"column":null}},"46":{"start":{"line":118,"column":28},"end":{"line":118,"column":56}},"47":{"start":{"line":118,"column":56},"end":{"line":133,"column":null}},"48":{"start":{"line":120,"column":24},"end":{"line":128,"column":null}},"49":{"start":{"line":120,"column":29},"end":{"line":120,"column":null}},"50":{"start":{"line":120,"column":29},"end":{"line":123,"column":67}},"51":{"start":{"line":123,"column":41},"end":{"line":123,"column":67}},"52":{"start":{"line":123,"column":67},"end":{"line":126,"column":null}},"53":{"start":{"line":126,"column":57},"end":{"line":126,"column":68}},"54":{"start":{"line":126,"column":68},"end":{"line":130,"column":null}},"55":{"start":{"line":130,"column":29},"end":{"line":130,"column":41}},"56":{"start":{"line":130,"column":41},"end":{"line":128,"column":null}},"57":{"start":{"line":124,"column":39},"end":{"line":124,"column":64}},"58":{"start":{"line":128,"column":35},"end":{"line":128,"column":142}},"59":{"start":{"line":128,"column":142},"end":{"line":128,"column":null}},"60":{"start":{"line":133,"column":23},"end":{"line":133,"column":null}},"61":{"start":{"line":137,"column":15},"end":{"line":137,"column":null}},"62":{"start":{"line":14,"column":43},"end":{"line":22,"column":null}},"63":{"start":{"line":25,"column":45},"end":{"line":29,"column":null}},"64":{"start":{"line":30,"column":30},"end":{"line":30,"column":null}},"65":{"start":{"line":33,"column":14},"end":{"line":33,"column":null}},"66":{"start":{"line":34,"column":2},"end":{"line":42,"column":null}},"67":{"start":{"line":35,"column":16},"end":{"line":35,"column":null}},"68":{"start":{"line":36,"column":17},"end":{"line":36,"column":null}},"69":{"start":{"line":37,"column":4},"end":{"line":41,"column":null}},"70":{"start":{"line":38,"column":6},"end":{"line":38,"column":null}},"71":{"start":{"line":40,"column":6},"end":{"line":40,"column":null}},"72":{"start":{"line":43,"column":2},"end":{"line":43,"column":null}},"73":{"start":{"line":144,"column":1},"end":{"line":144,"column":null}}},"fnMap":{"0":{"name":"DocTreePanel2","decl":{"start":{"line":46,"column":24},"end":{"line":46,"column":36}},"loc":{"start":{"line":46,"column":63},"end":{"line":144,"column":1}},"line":46},"1":{"name":"(anonymous_1)","decl":{"start":{"line":47,"column":44},"end":{"line":47,"column":56}},"loc":{"start":{"line":47,"column":56},"end":{"line":51,"column":3}},"line":47},"2":{"name":"(anonymous_2)","decl":{"start":{"line":57,"column":22},"end":{"line":57,"column":23}},"loc":{"start":{"line":57,"column":40},"end":{"line":67,"column":null}},"line":57},"3":{"name":"(anonymous_3)","decl":{"start":{"line":58,"column":23},"end":{"line":58,"column":32}},"loc":{"start":{"line":58,"column":32},"end":{"line":66,"column":5}},"line":58},"4":{"name":"(anonymous_4)","decl":{"start":{"line":69,"column":2},"end":{"line":69,"column":null}},"loc":{"start":{"line":69,"column":2},"end":{"line":137,"column":null}},"line":69},"5":{"name":"(anonymous_5)","decl":{"start":{"line":72,"column":12},"end":{"line":72,"column":16}},"loc":{"start":{"line":72,"column":16},"end":{"line":72,"column":null}},"line":72},"6":{"name":"(anonymous_6)","decl":{"start":{"line":72,"column":30},"end":{"line":72,"column":null}},"loc":{"start":{"line":72,"column":30},"end":{"line":75,"column":null}},"line":72},"7":{"name":"(anonymous_7)","decl":{"start":{"line":75,"column":13},"end":{"line":75,"column":72}},"loc":{"start":{"line":75,"column":13},"end":{"line":75,"column":72}},"line":75},"8":{"name":"(anonymous_8)","decl":{"start":{"line":81,"column":12},"end":{"line":81,"column":16}},"loc":{"start":{"line":81,"column":16},"end":{"line":81,"column":null}},"line":81},"9":{"name":"(anonymous_9)","decl":{"start":{"line":81,"column":28},"end":{"line":81,"column":null}},"loc":{"start":{"line":81,"column":28},"end":{"line":81,"column":null}},"line":81},"10":{"name":"(anonymous_10)","decl":{"start":{"line":88,"column":12},"end":{"line":88,"column":16}},"loc":{"start":{"line":88,"column":16},"end":{"line":88,"column":null}},"line":88},"11":{"name":"(anonymous_11)","decl":{"start":{"line":88,"column":18},"end":{"line":88,"column":19}},"loc":{"start":{"line":88,"column":18},"end":{"line":88,"column":46}},"line":88},"12":{"name":"(anonymous_12)","decl":{"start":{"line":88,"column":70},"end":{"line":88,"column":null}},"loc":{"start":{"line":88,"column":70},"end":{"line":137,"column":null}},"line":88},"13":{"name":"(anonymous_13)","decl":{"start":{"line":90,"column":10},"end":{"line":90,"column":14}},"loc":{"start":{"line":90,"column":14},"end":{"line":90,"column":null}},"line":90},"14":{"name":"(anonymous_14)","decl":{"start":{"line":91,"column":10},"end":{"line":91,"column":18}},"loc":{"start":{"line":91,"column":18},"end":{"line":91,"column":null}},"line":91},"15":{"name":"(anonymous_15)","decl":{"start":{"line":91,"column":18},"end":{"line":91,"column":null}},"loc":{"start":{"line":91,"column":18},"end":{"line":137,"column":null}},"line":91},"16":{"name":"(anonymous_16)","decl":{"start":{"line":101,"column":17},"end":{"line":101,"column":21}},"loc":{"start":{"line":101,"column":21},"end":{"line":101,"column":null}},"line":101},"17":{"name":"(anonymous_17)","decl":{"start":{"line":102,"column":15},"end":{"line":102,"column":16}},"loc":{"start":{"line":102,"column":30},"end":{"line":133,"column":null}},"line":102},"18":{"name":"(anonymous_18)","decl":{"start":{"line":102,"column":31},"end":{"line":102,"column":null}},"loc":{"start":{"line":102,"column":31},"end":{"line":133,"column":null}},"line":102},"19":{"name":"(anonymous_19)","decl":{"start":{"line":107,"column":29},"end":{"line":107,"column":35}},"loc":{"start":{"line":107,"column":35},"end":{"line":107,"column":52}},"line":107},"20":{"name":"(anonymous_20)","decl":{"start":{"line":108,"column":52},"end":{"line":108,"column":null}},"loc":{"start":{"line":111,"column":23},"end":{"line":111,"column":61}},"line":111},"21":{"name":"(anonymous_21)","decl":{"start":{"line":111,"column":61},"end":{"line":111,"column":null}},"loc":{"start":{"line":113,"column":27},"end":{"line":113,"column":65}},"line":113},"22":{"name":"(anonymous_22)","decl":{"start":{"line":113,"column":65},"end":{"line":113,"column":null}},"loc":{"start":{"line":114,"column":57},"end":{"line":114,"column":71}},"line":114},"23":{"name":"(anonymous_23)","decl":{"start":{"line":118,"column":24},"end":{"line":118,"column":28}},"loc":{"start":{"line":118,"column":28},"end":{"line":118,"column":null}},"line":118},"24":{"name":"(anonymous_24)","decl":{"start":{"line":118,"column":56},"end":{"line":118,"column":null}},"loc":{"start":{"line":118,"column":56},"end":{"line":133,"column":null}},"line":118},"25":{"name":"(anonymous_25)","decl":{"start":{"line":120,"column":24},"end":{"line":120,"column":29}},"loc":{"start":{"line":120,"column":24},"end":{"line":128,"column":null}},"line":120},"26":{"name":"(anonymous_26)","decl":{"start":{"line":120,"column":29},"end":{"line":120,"column":null}},"loc":{"start":{"line":120,"column":29},"end":{"line":128,"column":null}},"line":120},"27":{"name":"(anonymous_27)","decl":{"start":{"line":123,"column":35},"end":{"line":123,"column":41}},"loc":{"start":{"line":123,"column":41},"end":{"line":123,"column":67}},"line":123},"28":{"name":"(anonymous_28)","decl":{"start":{"line":123,"column":67},"end":{"line":123,"column":null}},"loc":{"start":{"line":126,"column":57},"end":{"line":126,"column":68}},"line":126},"29":{"name":"(anonymous_29)","decl":{"start":{"line":126,"column":68},"end":{"line":126,"column":null}},"loc":{"start":{"line":130,"column":29},"end":{"line":130,"column":41}},"line":130},"30":{"name":"(anonymous_30)","decl":{"start":{"line":130,"column":41},"end":{"line":130,"column":null}},"loc":{"start":{"line":130,"column":41},"end":{"line":128,"column":null}},"line":130},"31":{"name":"groupByType","decl":{"start":{"line":32,"column":9},"end":{"line":32,"column":21}},"loc":{"start":{"line":32,"column":66},"end":{"line":44,"column":null}},"line":32}},"branchMap":{"0":{"loc":{"start":{"line":46,"column":63},"end":{"line":46,"column":null}},"type":"if","locations":[{"start":{"line":46,"column":63},"end":{"line":46,"column":null}},{"start":{},"end":{}}],"line":46},"1":{"loc":{"start":{"line":49,"column":4},"end":{"line":49,"column":null}},"type":"if","locations":[{"start":{"line":49,"column":4},"end":{"line":49,"column":null}},{"start":{},"end":{}}],"line":49},"2":{"loc":{"start":{"line":60,"column":6},"end":{"line":64,"column":null}},"type":"if","locations":[{"start":{"line":60,"column":6},"end":{"line":64,"column":null}},{"start":{"line":62,"column":13},"end":{"line":64,"column":null}}],"line":60},"3":{"loc":{"start":{"line":88,"column":16},"end":{"line":88,"column":70}},"type":"binary-expr","locations":[{"start":{"line":88,"column":16},"end":{"line":88,"column":50}},{"start":{"line":88,"column":50},"end":{"line":88,"column":70}}],"line":88},"4":{"loc":{"start":{"line":88,"column":18},"end":{"line":88,"column":46}},"type":"binary-expr","locations":[{"start":{"line":88,"column":18},"end":{"line":88,"column":35}},{"start":{"line":88,"column":35},"end":{"line":88,"column":46}}],"line":88},"5":{"loc":{"start":{"line":90,"column":17},"end":{"line":90,"column":40}},"type":"binary-expr","locations":[{"start":{"line":90,"column":17},"end":{"line":90,"column":35}},{"start":{"line":90,"column":35},"end":{"line":90,"column":40}}],"line":90},"6":{"loc":{"start":{"line":111,"column":23},"end":{"line":111,"column":61}},"type":"cond-expr","locations":[{"start":{"line":111,"column":52},"end":{"line":111,"column":58}},{"start":{"line":111,"column":58},"end":{"line":111,"column":61}}],"line":111},"7":{"loc":{"start":{"line":113,"column":27},"end":{"line":113,"column":65}},"type":"binary-expr","locations":[{"start":{"line":113,"column":27},"end":{"line":113,"column":47}},{"start":{"line":113,"column":47},"end":{"line":113,"column":65}}],"line":113},"8":{"loc":{"start":{"line":128,"column":89},"end":{"line":128,"column":140}},"type":"binary-expr","locations":[{"start":{"line":128,"column":89},"end":{"line":128,"column":119}},{"start":{"line":128,"column":119},"end":{"line":128,"column":140}}],"line":128},"9":{"loc":{"start":{"line":128,"column":142},"end":{"line":128,"column":null}},"type":"binary-expr","locations":[{"start":{"line":128,"column":142},"end":{"line":128,"column":null}},{"start":{"line":128,"column":142},"end":{"line":128,"column":null}}],"line":128},"10":{"loc":{"start":{"line":35,"column":16},"end":{"line":35,"column":null}},"type":"binary-expr","locations":[{"start":{"line":35,"column":16},"end":{"line":35,"column":30}},{"start":{"line":35,"column":30},"end":{"line":35,"column":null}}],"line":35},"11":{"loc":{"start":{"line":37,"column":4},"end":{"line":41,"column":null}},"type":"if","locations":[{"start":{"line":37,"column":4},"end":{"line":41,"column":null}},{"start":{"line":39,"column":11},"end":{"line":41,"column":null}}],"line":37},"12":{"loc":{"start":{"line":144,"column":1},"end":{"line":144,"column":null}},"type":"if","locations":[{"start":{"line":144,"column":1},"end":{"line":144,"column":null}},{"start":{},"end":{}}],"line":144}},"s":{"0":2,"1":13,"2":13,"3":13,"4":13,"5":1,"6":12,"7":13,"8":13,"9":2,"10":2,"11":2,"12":1,"13":1,"14":2,"15":13,"16":13,"17":13,"18":26,"19":13,"20":13,"21":39,"22":13,"23":13,"24":14,"25":1,"26":13,"27":25,"28":38,"29":12,"30":12,"31":11,"32":11,"33":11,"34":25,"35":25,"36":25,"37":2,"38":25,"39":25,"40":31,"41":25,"42":25,"43":25,"44":25,"45":25,"46":31,"47":26,"48":38,"49":38,"50":38,"51":5,"52":38,"53":38,"54":38,"55":38,"56":38,"57":38,"58":38,"59":38,"60":25,"61":13,"62":2,"63":2,"64":2,"65":11,"66":11,"67":36,"68":36,"69":36,"70":11,"71":25,"72":11,"73":2},"f":{"0":13,"1":13,"2":2,"3":2,"4":13,"5":26,"6":13,"7":39,"8":14,"9":1,"10":25,"11":38,"12":12,"13":12,"14":1,"15":11,"16":11,"17":25,"18":25,"19":2,"20":31,"21":25,"22":25,"23":31,"24":26,"25":38,"26":38,"27":5,"28":38,"29":38,"30":38,"31":11},"b":{"0":[13,0],"1":[1,12],"2":[1,1],"3":[25,12],"4":[38,25],"5":[12,0],"6":[30,1],"7":[25,0],"8":[38,0],"9":[76,76],"10":[36,0],"11":[11,25],"12":[2,0]},"meta":{"lastBranch":13,"lastFunction":32,"lastStatement":74,"seen":{"s:46:24:144:1":0,"f:46:24:46:36":0,"b:46:63:46:Infinity:undefined:undefined:undefined:undefined":0,"s:46:63:46:Infinity":1,"s:47:13:51:Infinity":2,"f:47:44:47:56":1,"s:48:16:48:Infinity":3,"b:49:4:49:Infinity:undefined:undefined:undefined:undefined":1,"s:49:4:49:Infinity":4,"s:49:17:49:Infinity":5,"s:50:4:50:Infinity":6,"s:53:42:55:Infinity":7,"s:57:22:67:Infinity":8,"f:57:22:57:23":2,"s:58:4:66:Infinity":9,"f:58:23:58:32":3,"s:59:19:59:Infinity":10,"b:60:6:64:Infinity:62:13:64:Infinity":2,"s:60:6:64:Infinity":11,"s:61:8:61:Infinity":12,"s:63:8:63:Infinity":13,"s:65:6:65:Infinity":14,"s:69:2:137:Infinity":15,"f:69:2:69:Infinity":4,"s:69:2:69:Infinity":16,"s:69:2:75:Infinity":17,"f:72:12:72:16":5,"s:72:16:72:30":18,"f:72:30:72:Infinity":6,"s:72:30:72:Infinity":19,"s:72:30:75:Infinity":20,"f:75:13:75:72":7,"s:75:13:75:72":21,"s:75:72:75:Infinity":22,"s:75:72:81:Infinity":23,"f:81:12:81:16":8,"s:81:16:81:28":24,"f:81:28:81:Infinity":9,"s:81:28:81:Infinity":25,"s:81:28:137:Infinity":26,"f:88:12:88:16":10,"s:88:16:88:70":27,"b:88:16:88:50:88:50:88:70":3,"f:88:18:88:19":11,"s:88:18:88:46":28,"b:88:18:88:35:88:35:88:46":4,"f:88:70:88:Infinity":12,"s:88:70:137:Infinity":29,"f:90:10:90:14":13,"s:90:14:90:41":30,"b:90:17:90:35:90:35:90:40":5,"f:91:10:91:18":14,"s:91:18:91:Infinity":31,"f:91:18:91:Infinity":15,"s:91:18:137:Infinity":32,"f:101:17:101:21":16,"s:101:21:101:43":33,"f:102:15:102:16":17,"s:102:30:133:Infinity":34,"f:102:31:102:Infinity":18,"s:102:31:102:Infinity":35,"s:102:31:107:52":36,"f:107:29:107:35":19,"s:107:35:107:52":37,"s:107:52:108:Infinity":38,"s:108:52:111:Infinity":39,"f:108:52:108:Infinity":20,"s:111:23:111:61":40,"b:111:52:111:58:111:58:111:61":6,"s:111:61:113:Infinity":41,"f:111:61:111:Infinity":21,"s:113:27:113:65":42,"b:113:27:113:47:113:47:113:65":7,"s:113:65:114:Infinity":43,"f:113:65:113:Infinity":22,"s:114:57:114:71":44,"s:114:71:133:Infinity":45,"f:118:24:118:28":23,"s:118:28:118:56":46,"f:118:56:118:Infinity":24,"s:118:56:133:Infinity":47,"f:120:24:120:29":25,"s:120:24:128:Infinity":48,"f:120:29:120:Infinity":26,"s:120:29:120:Infinity":49,"s:120:29:123:67":50,"f:123:35:123:41":27,"s:123:41:123:67":51,"s:123:67:126:Infinity":52,"f:123:67:123:Infinity":28,"s:126:57:126:68":53,"s:126:68:130:Infinity":54,"f:126:68:126:Infinity":29,"s:130:29:130:41":55,"s:130:41:128:Infinity":56,"f:130:41:130:Infinity":30,"s:124:39:124:64":57,"s:128:35:128:142":58,"b:128:89:128:119:128:119:128:140":8,"s:128:142:128:Infinity":59,"b:128:142:128:Infinity:128:142:128:Infinity":9,"s:133:23:133:Infinity":60,"s:137:15:137:Infinity":61,"s:14:43:22:Infinity":62,"s:25:45:29:Infinity":63,"s:30:30:30:Infinity":64,"f:32:9:32:21":31,"s:33:14:33:Infinity":65,"s:34:2:42:Infinity":66,"s:35:16:35:Infinity":67,"b:35:16:35:30:35:30:35:Infinity":10,"s:36:17:36:Infinity":68,"b:37:4:41:Infinity:39:11:41:Infinity":11,"s:37:4:41:Infinity":69,"s:38:6:38:Infinity":70,"s:40:6:40:Infinity":71,"s:43:2:43:Infinity":72,"s:144:1:144:Infinity":73,"b:144:1:144:Infinity:undefined:undefined:undefined:undefined":12}}}
,"/Users/umasuo_m3pro/Desktop/startup/AI Engineering/harnesswork/apps/app/src/app/components/cockpit/doc-viewer-panel.tsx": {"path":"/Users/umasuo_m3pro/Desktop/startup/AI Engineering/harnesswork/apps/app/src/app/components/cockpit/doc-viewer-panel.tsx","statementMap":{"0":{"start":{"line":31,"column":24},"end":{"line":95,"column":1}},"1":{"start":{"line":31,"column":67},"end":{"line":31,"column":null}},"2":{"start":{"line":32,"column":12},"end":{"line":32,"column":null}},"3":{"start":{"line":32,"column":37},"end":{"line":32,"column":49}},"4":{"start":{"line":34,"column":2},"end":{"line":88,"column":null}},"5":{"start":{"line":34,"column":2},"end":{"line":34,"column":null}},"6":{"start":{"line":34,"column":2},"end":{"line":37,"column":null}},"7":{"start":{"line":37,"column":16},"end":{"line":37,"column":29}},"8":{"start":{"line":37,"column":29},"end":{"line":37,"column":null}},"9":{"start":{"line":37,"column":29},"end":{"line":88,"column":null}},"10":{"start":{"line":43,"column":16},"end":{"line":43,"column":28}},"11":{"start":{"line":43,"column":28},"end":{"line":88,"column":null}},"12":{"start":{"line":45,"column":18},"end":{"line":45,"column":31}},"13":{"start":{"line":45,"column":31},"end":{"line":45,"column":null}},"14":{"start":{"line":45,"column":31},"end":{"line":48,"column":null}},"15":{"start":{"line":48,"column":15},"end":{"line":48,"column":74}},"16":{"start":{"line":48,"column":74},"end":{"line":48,"column":null}},"17":{"start":{"line":54,"column":18},"end":{"line":54,"column":55}},"18":{"start":{"line":54,"column":20},"end":{"line":54,"column":32}},"19":{"start":{"line":54,"column":55},"end":{"line":88,"column":null}},"20":{"start":{"line":56,"column":16},"end":{"line":56,"column":39}},"21":{"start":{"line":57,"column":20},"end":{"line":61,"column":null}},"22":{"start":{"line":59,"column":20},"end":{"line":59,"column":43}},"23":{"start":{"line":60,"column":24},"end":{"line":61,"column":null}},"24":{"start":{"line":61,"column":18},"end":{"line":61,"column":null}},"25":{"start":{"line":61,"column":18},"end":{"line":88,"column":null}},"26":{"start":{"line":61,"column":18},"end":{"line":88,"column":36}},"27":{"start":{"line":88,"column":36},"end":{"line":88,"column":null}},"28":{"start":{"line":19,"column":18},"end":{"line":19,"column":null}},"29":{"start":{"line":20,"column":2},"end":{"line":20,"column":null}},"30":{"start":{"line":24,"column":2},"end":{"line":24,"column":null}},"31":{"start":{"line":24,"column":13},"end":{"line":24,"column":null}},"32":{"start":{"line":25,"column":14},"end":{"line":25,"column":null}},"33":{"start":{"line":26,"column":2},"end":{"line":26,"column":null}},"34":{"start":{"line":26,"column":15},"end":{"line":26,"column":null}},"35":{"start":{"line":27,"column":15},"end":{"line":27,"column":null}},"36":{"start":{"line":28,"column":2},"end":{"line":28,"column":null}},"37":{"start":{"line":95,"column":1},"end":{"line":95,"column":null}}},"fnMap":{"0":{"name":"DocViewerPanel2","decl":{"start":{"line":31,"column":24},"end":{"line":31,"column":38}},"loc":{"start":{"line":31,"column":67},"end":{"line":95,"column":1}},"line":31},"1":{"name":"(anonymous_1)","decl":{"start":{"line":32,"column":31},"end":{"line":32,"column":37}},"loc":{"start":{"line":32,"column":37},"end":{"line":32,"column":49}},"line":32},"2":{"name":"(anonymous_2)","decl":{"start":{"line":34,"column":2},"end":{"line":34,"column":null}},"loc":{"start":{"line":34,"column":2},"end":{"line":88,"column":null}},"line":34},"3":{"name":"(anonymous_3)","decl":{"start":{"line":37,"column":12},"end":{"line":37,"column":16}},"loc":{"start":{"line":37,"column":16},"end":{"line":37,"column":null}},"line":37},"4":{"name":"(anonymous_4)","decl":{"start":{"line":37,"column":29},"end":{"line":37,"column":null}},"loc":{"start":{"line":37,"column":29},"end":{"line":37,"column":null}},"line":37},"5":{"name":"(anonymous_5)","decl":{"start":{"line":43,"column":12},"end":{"line":43,"column":16}},"loc":{"start":{"line":43,"column":16},"end":{"line":43,"column":null}},"line":43},"6":{"name":"(anonymous_6)","decl":{"start":{"line":43,"column":28},"end":{"line":43,"column":null}},"loc":{"start":{"line":43,"column":28},"end":{"line":88,"column":null}},"line":43},"7":{"name":"(anonymous_7)","decl":{"start":{"line":45,"column":14},"end":{"line":45,"column":18}},"loc":{"start":{"line":45,"column":18},"end":{"line":45,"column":null}},"line":45},"8":{"name":"(anonymous_8)","decl":{"start":{"line":45,"column":31},"end":{"line":45,"column":null}},"loc":{"start":{"line":45,"column":31},"end":{"line":48,"column":null}},"line":45},"9":{"name":"(anonymous_9)","decl":{"start":{"line":48,"column":15},"end":{"line":48,"column":74}},"loc":{"start":{"line":48,"column":15},"end":{"line":48,"column":74}},"line":48},"10":{"name":"(anonymous_10)","decl":{"start":{"line":54,"column":14},"end":{"line":54,"column":18}},"loc":{"start":{"line":54,"column":18},"end":{"line":54,"column":null}},"line":54},"11":{"name":"(anonymous_11)","decl":{"start":{"line":54,"column":20},"end":{"line":54,"column":21}},"loc":{"start":{"line":54,"column":20},"end":{"line":54,"column":32}},"line":54},"12":{"name":"(anonymous_12)","decl":{"start":{"line":54,"column":55},"end":{"line":54,"column":null}},"loc":{"start":{"line":54,"column":55},"end":{"line":88,"column":null}},"line":54},"13":{"name":"(anonymous_13)","decl":{"start":{"line":56,"column":12},"end":{"line":56,"column":16}},"loc":{"start":{"line":56,"column":16},"end":{"line":56,"column":null}},"line":56},"14":{"name":"(anonymous_14)","decl":{"start":{"line":57,"column":12},"end":{"line":57,"column":20}},"loc":{"start":{"line":57,"column":20},"end":{"line":61,"column":null}},"line":57},"15":{"name":"(anonymous_15)","decl":{"start":{"line":59,"column":16},"end":{"line":59,"column":20}},"loc":{"start":{"line":59,"column":20},"end":{"line":59,"column":null}},"line":59},"16":{"name":"(anonymous_16)","decl":{"start":{"line":60,"column":16},"end":{"line":60,"column":24}},"loc":{"start":{"line":60,"column":24},"end":{"line":61,"column":null}},"line":60},"17":{"name":"(anonymous_17)","decl":{"start":{"line":61,"column":18},"end":{"line":61,"column":null}},"loc":{"start":{"line":61,"column":18},"end":{"line":61,"column":null}},"line":61},"18":{"name":"markdownToSafeHtml","decl":{"start":{"line":18,"column":9},"end":{"line":18,"column":28}},"loc":{"start":{"line":18,"column":48},"end":{"line":21,"column":null}},"line":18},"19":{"name":"fetchDocContent","decl":{"start":{"line":23,"column":15},"end":{"line":23,"column":31}},"loc":{"start":{"line":23,"column":65},"end":{"line":29,"column":null}},"line":23}},"branchMap":{"0":{"loc":{"start":{"line":31,"column":67},"end":{"line":31,"column":null}},"type":"if","locations":[{"start":{"line":31,"column":67},"end":{"line":31,"column":null}},{"start":{},"end":{}}],"line":31},"1":{"loc":{"start":{"line":54,"column":18},"end":{"line":54,"column":55}},"type":"binary-expr","locations":[{"start":{"line":54,"column":18},"end":{"line":54,"column":36}},{"start":{"line":54,"column":36},"end":{"line":54,"column":55}}],"line":54},"2":{"loc":{"start":{"line":24,"column":2},"end":{"line":24,"column":null}},"type":"if","locations":[{"start":{"line":24,"column":2},"end":{"line":24,"column":null}},{"start":{},"end":{}}],"line":24},"3":{"loc":{"start":{"line":26,"column":2},"end":{"line":26,"column":null}},"type":"if","locations":[{"start":{"line":26,"column":2},"end":{"line":26,"column":null}},{"start":{},"end":{}}],"line":26},"4":{"loc":{"start":{"line":95,"column":1},"end":{"line":95,"column":null}},"type":"if","locations":[{"start":{"line":95,"column":1},"end":{"line":95,"column":null}},{"start":{},"end":{}}],"line":95}},"s":{"0":2,"1":12,"2":12,"3":15,"4":12,"5":12,"6":12,"7":15,"8":6,"9":12,"10":15,"11":8,"12":18,"13":9,"14":9,"15":45,"16":9,"17":18,"18":28,"19":9,"20":9,"21":4,"22":4,"23":2,"24":5,"25":5,"26":5,"27":12,"28":5,"29":5,"30":15,"31":6,"32":9,"33":9,"34":4,"35":5,"36":5,"37":2},"f":{"0":12,"1":15,"2":12,"3":15,"4":6,"5":15,"6":8,"7":18,"8":9,"9":45,"10":18,"11":28,"12":9,"13":9,"14":4,"15":4,"16":2,"17":12,"18":5,"19":15},"b":{"0":[12,0],"1":[18,9],"2":[6,9],"3":[4,5],"4":[2,0]},"meta":{"lastBranch":5,"lastFunction":20,"lastStatement":38,"seen":{"s:31:24:95:1":0,"f:31:24:31:38":0,"b:31:67:31:Infinity:undefined:undefined:undefined:undefined":0,"s:31:67:31:Infinity":1,"s:32:12:32:Infinity":2,"f:32:31:32:37":1,"s:32:37:32:49":3,"s:34:2:88:Infinity":4,"f:34:2:34:Infinity":2,"s:34:2:34:Infinity":5,"s:34:2:37:Infinity":6,"f:37:12:37:16":3,"s:37:16:37:29":7,"f:37:29:37:Infinity":4,"s:37:29:37:Infinity":8,"s:37:29:88:Infinity":9,"f:43:12:43:16":5,"s:43:16:43:28":10,"f:43:28:43:Infinity":6,"s:43:28:88:Infinity":11,"f:45:14:45:18":7,"s:45:18:45:31":12,"f:45:31:45:Infinity":8,"s:45:31:45:Infinity":13,"s:45:31:48:Infinity":14,"f:48:15:48:74":9,"s:48:15:48:74":15,"s:48:74:48:Infinity":16,"f:54:14:54:18":10,"s:54:18:54:55":17,"b:54:18:54:36:54:36:54:55":1,"f:54:20:54:21":11,"s:54:20:54:32":18,"f:54:55:54:Infinity":12,"s:54:55:88:Infinity":19,"f:56:12:56:16":13,"s:56:16:56:39":20,"f:57:12:57:20":14,"s:57:20:61:Infinity":21,"f:59:16:59:20":15,"s:59:20:59:43":22,"f:60:16:60:24":16,"s:60:24:61:Infinity":23,"f:61:18:61:Infinity":17,"s:61:18:61:Infinity":24,"s:61:18:88:Infinity":25,"s:61:18:88:36":26,"s:88:36:88:Infinity":27,"f:18:9:18:28":18,"s:19:18:19:Infinity":28,"s:20:2:20:Infinity":29,"f:23:15:23:31":19,"b:24:2:24:Infinity:undefined:undefined:undefined:undefined":2,"s:24:2:24:Infinity":30,"s:24:13:24:Infinity":31,"s:25:14:25:Infinity":32,"b:26:2:26:Infinity:undefined:undefined:undefined:undefined":3,"s:26:2:26:Infinity":33,"s:26:15:26:Infinity":34,"s:27:15:27:Infinity":35,"s:28:2:28:Infinity":36,"s:95:1:95:Infinity":37,"b:95:1:95:Infinity:undefined:undefined:undefined:undefined":4}}}
,"/Users/umasuo_m3pro/Desktop/startup/AI Engineering/harnesswork/apps/app/src/app/components/cockpit/product-tab.tsx": {"path":"/Users/umasuo_m3pro/Desktop/startup/AI Engineering/harnesswork/apps/app/src/app/components/cockpit/product-tab.tsx","statementMap":{"0":{"start":{"line":5,"column":24},"end":{"line":20,"column":1}},"1":{"start":{"line":5,"column":37},"end":{"line":5,"column":null}},"2":{"start":{"line":6,"column":38},"end":{"line":6,"column":null}},"3":{"start":{"line":8,"column":2},"end":{"line":16,"column":null}},"4":{"start":{"line":8,"column":2},"end":{"line":8,"column":null}},"5":{"start":{"line":8,"column":2},"end":{"line":12,"column":null}},"6":{"start":{"line":12,"column":47},"end":{"line":16,"column":null}},"7":{"start":{"line":16,"column":28},"end":{"line":16,"column":44}},"8":{"start":{"line":16,"column":44},"end":{"line":16,"column":null}},"9":{"start":{"line":20,"column":1},"end":{"line":20,"column":null}}},"fnMap":{"0":{"name":"ProductTab2","decl":{"start":{"line":5,"column":24},"end":{"line":5,"column":34}},"loc":{"start":{"line":5,"column":37},"end":{"line":20,"column":1}},"line":5},"1":{"name":"(anonymous_1)","decl":{"start":{"line":8,"column":2},"end":{"line":8,"column":null}},"loc":{"start":{"line":8,"column":2},"end":{"line":16,"column":null}},"line":8},"2":{"name":"(anonymous_2)","decl":{"start":{"line":16,"column":24},"end":{"line":16,"column":28}},"loc":{"start":{"line":16,"column":28},"end":{"line":16,"column":null}},"line":16}},"branchMap":{"0":{"loc":{"start":{"line":5,"column":37},"end":{"line":5,"column":null}},"type":"if","locations":[{"start":{"line":5,"column":37},"end":{"line":5,"column":null}},{"start":{},"end":{}}],"line":5},"1":{"loc":{"start":{"line":20,"column":1},"end":{"line":20,"column":null}},"type":"if","locations":[{"start":{"line":20,"column":1},"end":{"line":20,"column":null}},{"start":{},"end":{}}],"line":20}},"s":{"0":1,"1":4,"2":4,"3":4,"4":4,"5":4,"6":4,"7":18,"8":4,"9":1},"f":{"0":4,"1":4,"2":18},"b":{"0":[4,0],"1":[1,0]},"meta":{"lastBranch":2,"lastFunction":3,"lastStatement":10,"seen":{"s:5:24:20:1":0,"f:5:24:5:34":0,"b:5:37:5:Infinity:undefined:undefined:undefined:undefined":0,"s:5:37:5:Infinity":1,"s:6:38:6:Infinity":2,"s:8:2:16:Infinity":3,"f:8:2:8:Infinity":1,"s:8:2:8:Infinity":4,"s:8:2:12:Infinity":5,"s:12:47:16:Infinity":6,"f:16:24:16:28":2,"s:16:28:16:44":7,"s:16:44:16:Infinity":8,"s:20:1:20:Infinity":9,"b:20:1:20:Infinity:undefined:undefined:undefined:undefined":1}}}
,"/Users/umasuo_m3pro/Desktop/startup/AI Engineering/harnesswork/apps/app/src/app/components/cockpit/tab-nav.tsx": {"path":"/Users/umasuo_m3pro/Desktop/startup/AI Engineering/harnesswork/apps/app/src/app/components/cockpit/tab-nav.tsx","statementMap":{"0":{"start":{"line":16,"column":24},"end":{"line":62,"column":1}},"1":{"start":{"line":16,"column":65},"end":{"line":16,"column":null}},"2":{"start":{"line":17,"column":24},"end":{"line":36,"column":null}},"3":{"start":{"line":18,"column":18},"end":{"line":18,"column":null}},"4":{"start":{"line":19,"column":4},"end":{"line":29,"column":null}},"5":{"start":{"line":20,"column":6},"end":{"line":20,"column":null}},"6":{"start":{"line":21,"column":6},"end":{"line":21,"column":null}},"7":{"start":{"line":22,"column":4},"end":{"line":29,"column":null}},"8":{"start":{"line":23,"column":6},"end":{"line":23,"column":null}},"9":{"start":{"line":24,"column":6},"end":{"line":24,"column":null}},"10":{"start":{"line":25,"column":4},"end":{"line":29,"column":null}},"11":{"start":{"line":26,"column":6},"end":{"line":26,"column":null}},"12":{"start":{"line":27,"column":6},"end":{"line":27,"column":null}},"13":{"start":{"line":28,"column":6},"end":{"line":28,"column":null}},"14":{"start":{"line":30,"column":4},"end":{"line":35,"column":null}},"15":{"start":{"line":31,"column":6},"end":{"line":31,"column":null}},"16":{"start":{"line":33,"column":19},"end":{"line":33,"column":null}},"17":{"start":{"line":34,"column":6},"end":{"line":34,"column":null}},"18":{"start":{"line":38,"column":2},"end":{"line":58,"column":null}},"19":{"start":{"line":38,"column":2},"end":{"line":38,"column":null}},"20":{"start":{"line":41,"column":15},"end":{"line":52,"column":null}},"21":{"start":{"line":41,"column":18},"end":{"line":41,"column":null}},"22":{"start":{"line":41,"column":18},"end":{"line":54,"column":53}},"23":{"start":{"line":54,"column":30},"end":{"line":54,"column":53}},"24":{"start":{"line":54,"column":53},"end":{"line":53,"column":52}},"25":{"start":{"line":53,"column":27},"end":{"line":53,"column":52}},"26":{"start":{"line":53,"column":52},"end":{"line":56,"column":null}},"27":{"start":{"line":56,"column":13},"end":{"line":56,"column":22}},"28":{"start":{"line":56,"column":22},"end":{"line":52,"column":null}},"29":{"start":{"line":44,"column":27},"end":{"line":44,"column":53}},"30":{"start":{"line":45,"column":22},"end":{"line":45,"column":57}},"31":{"start":{"line":46,"column":25},"end":{"line":46,"column":40}},"32":{"start":{"line":47,"column":19},"end":{"line":52,"column":23}},"33":{"start":{"line":52,"column":23},"end":{"line":52,"column":null}},"34":{"start":{"line":58,"column":9},"end":{"line":58,"column":null}},"35":{"start":{"line":9,"column":50},"end":{"line":13,"column":null}},"36":{"start":{"line":62,"column":1},"end":{"line":62,"column":null}}},"fnMap":{"0":{"name":"CockpitTabNav2","decl":{"start":{"line":16,"column":24},"end":{"line":16,"column":37}},"loc":{"start":{"line":16,"column":65},"end":{"line":62,"column":1}},"line":16},"1":{"name":"(anonymous_1)","decl":{"start":{"line":17,"column":24},"end":{"line":17,"column":25}},"loc":{"start":{"line":17,"column":59},"end":{"line":36,"column":null}},"line":17},"2":{"name":"(anonymous_2)","decl":{"start":{"line":38,"column":2},"end":{"line":38,"column":null}},"loc":{"start":{"line":38,"column":2},"end":{"line":58,"column":null}},"line":38},"3":{"name":"(anonymous_3)","decl":{"start":{"line":41,"column":9},"end":{"line":41,"column":10}},"loc":{"start":{"line":41,"column":15},"end":{"line":52,"column":null}},"line":41},"4":{"name":"(anonymous_4)","decl":{"start":{"line":41,"column":18},"end":{"line":41,"column":null}},"loc":{"start":{"line":41,"column":18},"end":{"line":52,"column":null}},"line":41},"5":{"name":"(anonymous_5)","decl":{"start":{"line":54,"column":24},"end":{"line":54,"column":30}},"loc":{"start":{"line":54,"column":30},"end":{"line":54,"column":53}},"line":54},"6":{"name":"(anonymous_6)","decl":{"start":{"line":53,"column":21},"end":{"line":53,"column":27}},"loc":{"start":{"line":53,"column":27},"end":{"line":53,"column":52}},"line":53},"7":{"name":"(anonymous_7)","decl":{"start":{"line":53,"column":52},"end":{"line":53,"column":null}},"loc":{"start":{"line":56,"column":13},"end":{"line":56,"column":22}},"line":56},"8":{"name":"(anonymous_8)","decl":{"start":{"line":56,"column":22},"end":{"line":56,"column":null}},"loc":{"start":{"line":56,"column":22},"end":{"line":52,"column":null}},"line":56}},"branchMap":{"0":{"loc":{"start":{"line":16,"column":65},"end":{"line":16,"column":null}},"type":"if","locations":[{"start":{"line":16,"column":65},"end":{"line":16,"column":null}},{"start":{},"end":{}}],"line":16},"1":{"loc":{"start":{"line":19,"column":4},"end":{"line":29,"column":null}},"type":"if","locations":[{"start":{"line":19,"column":4},"end":{"line":29,"column":null}},{"start":{"line":22,"column":4},"end":{"line":29,"column":null}}],"line":19},"2":{"loc":{"start":{"line":22,"column":4},"end":{"line":29,"column":null}},"type":"if","locations":[{"start":{"line":22,"column":4},"end":{"line":29,"column":null}},{"start":{"line":25,"column":4},"end":{"line":29,"column":null}}],"line":22},"3":{"loc":{"start":{"line":25,"column":4},"end":{"line":29,"column":null}},"type":"if","locations":[{"start":{"line":25,"column":4},"end":{"line":29,"column":null}},{"start":{},"end":{}}],"line":25},"4":{"loc":{"start":{"line":25,"column":15},"end":{"line":25,"column":51}},"type":"binary-expr","locations":[{"start":{"line":25,"column":15},"end":{"line":25,"column":36}},{"start":{"line":25,"column":36},"end":{"line":25,"column":51}}],"line":25},"5":{"loc":{"start":{"line":30,"column":4},"end":{"line":35,"column":null}},"type":"if","locations":[{"start":{"line":30,"column":4},"end":{"line":35,"column":null}},{"start":{},"end":{}}],"line":30},"6":{"loc":{"start":{"line":45,"column":22},"end":{"line":45,"column":57}},"type":"cond-expr","locations":[{"start":{"line":45,"column":51},"end":{"line":45,"column":55}},{"start":{"line":45,"column":55},"end":{"line":45,"column":57}}],"line":45},"7":{"loc":{"start":{"line":49,"column":14},"end":{"line":51,"column":71}},"type":"cond-expr","locations":[{"start":{"line":50,"column":18},"end":{"line":50,"column":null}},{"start":{"line":51,"column":18},"end":{"line":51,"column":71}}],"line":49},"8":{"loc":{"start":{"line":52,"column":23},"end":{"line":52,"column":null}},"type":"binary-expr","locations":[{"start":{"line":52,"column":23},"end":{"line":52,"column":null}},{"start":{"line":52,"column":23},"end":{"line":52,"column":null}}],"line":52},"9":{"loc":{"start":{"line":62,"column":1},"end":{"line":62,"column":null}},"type":"if","locations":[{"start":{"line":62,"column":1},"end":{"line":62,"column":null}},{"start":{},"end":{}}],"line":62}},"s":{"0":0,"1":0,"2":0,"3":0,"4":0,"5":0,"6":0,"7":0,"8":0,"9":0,"10":0,"11":0,"12":0,"13":0,"14":0,"15":0,"16":0,"17":0,"18":0,"19":0,"20":0,"21":0,"22":0,"23":0,"24":0,"25":0,"26":0,"27":0,"28":0,"29":0,"30":0,"31":0,"32":0,"33":0,"34":0,"35":0,"36":0},"f":{"0":0,"1":0,"2":0,"3":0,"4":0,"5":0,"6":0,"7":0,"8":0},"b":{"0":[0,0],"1":[0,0],"2":[0,0],"3":[0,0],"4":[0,0],"5":[0,0],"6":[0,0],"7":[0,0],"8":[0,0],"9":[0,0]},"meta":{"lastBranch":10,"lastFunction":9,"lastStatement":37,"seen":{"s:16:24:62:1":0,"f:16:24:16:37":0,"b:16:65:16:Infinity:undefined:undefined:undefined:undefined":0,"s:16:65:16:Infinity":1,"s:17:24:36:Infinity":2,"f:17:24:17:25":1,"s:18:18:18:Infinity":3,"b:19:4:29:Infinity:22:4:29:Infinity":1,"s:19:4:29:Infinity":4,"s:20:6:20:Infinity":5,"s:21:6:21:Infinity":6,"b:22:4:29:Infinity:25:4:29:Infinity":2,"s:22:4:29:Infinity":7,"s:23:6:23:Infinity":8,"s:24:6:24:Infinity":9,"b:25:4:29:Infinity:undefined:undefined:undefined:undefined":3,"s:25:4:29:Infinity":10,"b:25:15:25:36:25:36:25:51":4,"s:26:6:26:Infinity":11,"s:27:6:27:Infinity":12,"s:28:6:28:Infinity":13,"b:30:4:35:Infinity:undefined:undefined:undefined:undefined":5,"s:30:4:35:Infinity":14,"s:31:6:31:Infinity":15,"s:33:19:33:Infinity":16,"s:34:6:34:Infinity":17,"s:38:2:58:Infinity":18,"f:38:2:38:Infinity":2,"s:38:2:38:Infinity":19,"f:41:9:41:10":3,"s:41:15:52:Infinity":20,"f:41:18:41:Infinity":4,"s:41:18:41:Infinity":21,"s:41:18:54:53":22,"f:54:24:54:30":5,"s:54:30:54:53":23,"s:54:53:53:52":24,"f:53:21:53:27":6,"s:53:27:53:52":25,"s:53:52:56:Infinity":26,"f:53:52:53:Infinity":7,"s:56:13:56:22":27,"s:56:22:52:Infinity":28,"f:56:22:56:Infinity":8,"s:44:27:44:53":29,"s:45:22:45:57":30,"b:45:51:45:55:45:55:45:57":6,"s:46:25:46:40":31,"s:47:19:52:23":32,"b:50:18:50:Infinity:51:18:51:71":7,"s:52:23:52:Infinity":33,"b:52:23:52:Infinity:52:23:52:Infinity":8,"s:58:9:58:Infinity":34,"s:9:50:13:Infinity":35,"s:62:1:62:Infinity":36,"b:62:1:62:Infinity:undefined:undefined:undefined:undefined":9}}}
}
